<?xml version="1.0" encoding="UTF-8"?>
<testsuite name="SeatTest" tests="3" skipped="0" failures="0" errors="0" timestamp="2017-07-10T21:47:08" hostname="Sangamitras-MacBook-Pro.local" time="0.0">
  <properties/>
  <testcase name="constructor_methods1" classname="SeatTest" time="0.0"/>
  <testcase name="constructor_methods2" classname="SeatTest" time="0.0"/>
  <testcase name="constructor_methods3" classname="SeatTest" time="0.0"/>
  <system-out><![CDATA[]]></system-out>
  <system-err><![CDATA[]]></system-err>
</testsuite>
