<?xml version="1.0" encoding="UTF-8"?>
<testsuite name="BookingTest" tests="3" skipped="0" failures="0" errors="0" timestamp="2017-07-10T21:47:08" hostname="Sangamitras-MacBook-Pro.local" time="0.02">
  <properties/>
  <testcase name="constructor_methods1" classname="BookingTest" time="0.02"/>
  <testcase name="constructor_methods2" classname="BookingTest" time="0.0"/>
  <testcase name="constructor_methods3" classname="BookingTest" time="0.0"/>
  <system-out><![CDATA[Your Tickets are Booked. Use the given confirmation code at the Theatre
No Seat Holds on the CustomerEmail
]]></system-out>
  <system-err><![CDATA[]]></system-err>
</testsuite>
